1581804302263	geckodriver	INFO	geckodriver 0.21.0
1581804302268	geckodriver	INFO	Listening on 127.0.0.1:50522
1581804303285	mozrunner::runner	INFO	Running command: "/Applications/Firefox.app/Contents/MacOS/firefox-bin" "-marionette" "-foreground" "-no-remote" "-profile" "/var/folders/3f/b5qv6b097yn6p5mhm3bkvx8h0000gn/T/rust_mozprofile.Y3GY9fwmsBGO"
1581804304388	addons.webextension.doh-rollout@mozilla.org	WARN	Loading extension 'doh-rollout@mozilla.org': Reading manifest: Invalid extension permission: networkStatus
1581804304756	addons.webextension.screenshots@mozilla.org	WARN	Loading extension 'screenshots@mozilla.org': Reading manifest: Invalid extension permission: mozillaAddons
1581804304756	addons.webextension.screenshots@mozilla.org	WARN	Loading extension 'screenshots@mozilla.org': Reading manifest: Invalid extension permission: telemetry
1581804304756	addons.webextension.screenshots@mozilla.org	WARN	Loading extension 'screenshots@mozilla.org': Reading manifest: Invalid extension permission: resource://pdf.js/
1581804304756	addons.webextension.screenshots@mozilla.org	WARN	Loading extension 'screenshots@mozilla.org': Reading manifest: Invalid extension permission: about:reader*
1581804304876	Marionette	TRACE	Received observer notification profile-after-change
1581804305054	Marionette	TRACE	Received observer notification command-line-startup
1581804305055	Marionette	DEBUG	Init aborted (running=false, enabled=true, finalUIStartup=false)
1581804305311	Marionette	TRACE	Received observer notification toplevel-window-ready
1581804307186	Marionette	TRACE	Received observer notification marionette-startup-requested
1581804307186	Marionette	TRACE	Waiting until startup recorder finished recording startup scripts...
1581804307194	Marionette	TRACE	All scripts recorded.
1581804307195	Marionette	DEBUG	Setting recommended pref app.update.disabledForTesting to true
1581804307195	Marionette	DEBUG	Setting recommended pref apz.content_response_timeout to 60000
1581804307195	Marionette	DEBUG	Setting recommended pref browser.contentblocking.introCount to 99
1581804307196	Marionette	DEBUG	Setting recommended pref browser.download.panel.shown to true
1581804307196	Marionette	DEBUG	Setting recommended pref browser.newtabpage.enabled to false
1581804307197	Marionette	DEBUG	Setting recommended pref browser.pagethumbnails.capturing_disabled to true
1581804307197	Marionette	DEBUG	Setting recommended pref browser.search.update to false
1581804307197	Marionette	DEBUG	Setting recommended pref browser.tabs.disableBackgroundZombification to false
1581804307198	Marionette	DEBUG	Setting recommended pref browser.tabs.remote.separatePrivilegedContentProcess to false
1581804307198	Marionette	DEBUG	Setting recommended pref browser.tabs.unloadOnLowMemory to false
1581804307198	Marionette	DEBUG	Setting recommended pref browser.tabs.warnOnCloseOtherTabs to false
1581804307198	Marionette	DEBUG	Setting recommended pref browser.tabs.warnOnOpen to false
1581804307198	Marionette	DEBUG	Setting recommended pref browser.usedOnWindows10.introURL to 
1581804307198	Marionette	DEBUG	Setting recommended pref browser.urlbar.suggest.searches to false
1581804307199	Marionette	DEBUG	Setting recommended pref datareporting.policy.dataSubmissionPolicyAccepted to false
1581804307199	Marionette	DEBUG	Setting recommended pref dom.disable_beforeunload to true
1581804307199	Marionette	DEBUG	Setting recommended pref dom.disable_open_during_load to false
1581804307200	Marionette	DEBUG	Setting recommended pref dom.file.createInChild to true
1581804307200	Marionette	DEBUG	Setting recommended pref dom.max_chrome_script_run_time to 0
1581804307200	Marionette	DEBUG	Setting recommended pref dom.max_script_run_time to 0
1581804307201	Marionette	DEBUG	Setting recommended pref dom.push.connection.enabled to false
1581804307201	Marionette	DEBUG	Setting recommended pref extensions.getAddons.cache.enabled to false
1581804307201	Marionette	DEBUG	Setting recommended pref extensions.webservice.discoverURL to http://%(server)s/dummy/discoveryURL
1581804307201	Marionette	DEBUG	Setting recommended pref network.http.prompt-temp-redirect to false
1581804307202	Marionette	DEBUG	Setting recommended pref network.http.speculative-parallel-limit to 0
1581804307202	Marionette	DEBUG	Setting recommended pref privacy.trackingprotection.enabled to false
1581804307202	Marionette	DEBUG	Setting recommended pref security.certerrors.mitm.priming.enabled to false
1581804307202	Marionette	DEBUG	Setting recommended pref security.fileuri.strict_origin_policy to false
1581804307202	Marionette	DEBUG	Setting recommended pref security.notification_enable_delay to 0
1581804307202	Marionette	DEBUG	Setting recommended pref signon.autofillForms to false
1581804307202	Marionette	DEBUG	Setting recommended pref signon.rememberSignons to false
1581804307203	Marionette	DEBUG	Setting recommended pref toolkit.cosmeticAnimations.enabled to false
1581804307259	Marionette	INFO	Listening on port 50529
1581804307259	Marionette	DEBUG	Marionette is listening
1581804307353	Marionette	DEBUG	Accepted connection 0 from 127.0.0.1:50594
1581804307356	Marionette	DEBUG	0 -> [0,1,"WebDriver:NewSession",{"acceptInsecureCerts":true,"browserName":"firefox","capabilities":{"desiredCapabilities":{"acceptInsecureCerts":true,"browserName":"firefox"}}}]
1581804307357	Marionette	WARN	TLS certificate errors will be ignored for this session
1581804307384	Marionette	TRACE	[17] Frame script loaded
1581804307391	Marionette	TRACE	[17] Frame script registered
1581804307405	Marionette	DEBUG	0 <- [1,1,null,{"sessionId":"b351003a-b507-ec43-aedc-f6e92a2a13ac","capabilities":{"browserName":"firefox","browserVersion":"73.0" ... alse,"moz:webdriverClick":true,"capabilities":{"desiredCapabilities":{"acceptInsecureCerts":true,"browserName":"firefox"}}}}]
1581804307458	Marionette	DEBUG	0 -> [0,2,"WebDriver:Navigate",{"url":"https://www.nyse.com/listings_directory/stock"}]
1581804307477	Marionette	TRACE	[17] Received DOM event beforeunload for about:blank
1581804307645	Marionette	TRACE	[17] Received DOM event pagehide for about:blank
1581804308926	Marionette	TRACE	[17] Received DOM event DOMContentLoaded for https://www.nyse.com/listings_directory/stock
1581804309184	Marionette	TRACE	[17] Received DOM event pageshow for https://www.nyse.com/listings_directory/stock
1581804309185	Marionette	DEBUG	0 <- [1,2,null,{"value":null}]
1581804312192	Marionette	DEBUG	0 -> [0,3,"WebDriver:FindElements",{"using":"xpath","value":"//tr"}]
1581804312202	Marionette	DEBUG	0 <- [1,3,null,[{"element-6066-11e4-a52e-4f735466cecf":"ee4acf91-f965-1442-8b06-aa6012234168"},{"element-6066-11e4-a52e-4f735466ce ... ecf":"915e43f3-915a-d343-b93a-e3df8af34662"},{"element-6066-11e4-a52e-4f735466cecf":"6bfe251c-277b-2746-be14-55cde5c70af9"}]]
1581804312205	Marionette	DEBUG	0 -> [0,4,"WebDriver:GetElementText",{"id":"f5c75900-368a-2f4b-938c-38d0df0f69a7"}]
1581804312227	Marionette	DEBUG	0 <- [1,4,null,{"value":"A AGILENT TECHNOLOGIES INC"}]
1581804312229	Marionette	DEBUG	0 -> [0,5,"WebDriver:GetElementText",{"id":"2b67c115-4315-9440-a498-6de10ca2002d"}]
1581804312238	Marionette	DEBUG	0 <- [1,5,null,{"value":"AA ALCOA CORPORATION"}]
1581804312240	Marionette	DEBUG	0 -> [0,6,"WebDriver:GetElementText",{"id":"607b8ee7-ed5b-d647-9b56-0491a57f6206"}]
1581804312247	Marionette	DEBUG	0 <- [1,6,null,{"value":"AACG ATA CREATIVITY GLOBAL SPON ADS EACH REP 2 ORD SHS"}]
1581804312249	Marionette	DEBUG	0 -> [0,7,"WebDriver:GetElementText",{"id":"d9e66e61-1265-fb4d-ab78-274b461f33b2"}]
1581804312257	Marionette	DEBUG	0 <- [1,7,null,{"value":"AAL AMERICAN AIRLINES GROUP INC"}]
1581804312260	Marionette	DEBUG	0 -> [0,8,"WebDriver:GetElementText",{"id":"06eac327-c716-844a-b04a-21ff3baac27b"}]
1581804312266	Marionette	DEBUG	0 <- [1,8,null,{"value":"AAMC ALTISOURCE ASSET MANAGEMENT CORP"}]
1581804312268	Marionette	DEBUG	0 -> [0,9,"WebDriver:GetElementText",{"id":"b48275c1-52da-c74b-8c33-7a6f74bf644e"}]
1581804312276	Marionette	DEBUG	0 <- [1,9,null,{"value":"AAME ATLANTIC AMERICAN CORP"}]
1581804312278	Marionette	DEBUG	0 -> [0,10,"WebDriver:GetElementText",{"id":"c501fd8c-81fe-7948-a265-8a7fe795f478"}]
1581804312286	Marionette	DEBUG	0 <- [1,10,null,{"value":"AAN AARONS INC"}]
1581804312288	Marionette	DEBUG	0 -> [0,11,"WebDriver:GetElementText",{"id":"2dcf8166-22b6-4145-bc82-0e612eab5835"}]
1581804312295	Marionette	DEBUG	0 <- [1,11,null,{"value":"AAOI APPLIED OPTOELECTRONICS INC"}]
1581804312297	Marionette	DEBUG	0 -> [0,12,"WebDriver:GetElementText",{"id":"915e43f3-915a-d343-b93a-e3df8af34662"}]
1581804312303	Marionette	DEBUG	0 <- [1,12,null,{"value":"AAON AAON INC"}]
1581804312306	Marionette	DEBUG	0 -> [0,13,"WebDriver:GetElementText",{"id":"6bfe251c-277b-2746-be14-55cde5c70af9"}]
1581804312312	Marionette	DEBUG	0 <- [1,13,null,{"value":"AAP ADVANCE AUTO PARTS INC"}]
1581804312314	Marionette	DEBUG	0 -> [0,14,"WebDriver:FindElement",{"using":"xpath","value":".//a[@rel='next']"}]
1581804312316	Marionette	DEBUG	0 <- [1,14,null,{"value":{"element-6066-11e4-a52e-4f735466cecf":"524e3dd2-0819-1c4d-8fb1-18b1c0d1d613"}}]
1581804312319	Marionette	DEBUG	0 -> [0,15,"WebDriver:ElementClick",{"id":"524e3dd2-0819-1c4d-8fb1-18b1c0d1d613"}]
1581804312581	Marionette	DEBUG	[17] Canceled page load listener because no navigation has been detected
1581804312678	Marionette	DEBUG	0 <- [1,15,null,{"value":null}]
1581804312725	Marionette	DEBUG	0 -> [0,16,"WebDriver:CloseWindow",{}]
1581804312725	Marionette	DEBUG	0 <- [1,16,{"error":"no such window","message":"Browsing context has been discarded","stacktrace":"WebDriverError@chrome://marione ... t@chrome://marionette/content/server.js:249:9\n_onJSONObjectReady/<@chrome://marionette/content/transport.js:501:20\n"},null]
1581804312743	Marionette	DEBUG	Closed connection 0
1581804316740	geckodriver	INFO	geckodriver 0.21.0
1581804316745	geckodriver	INFO	Listening on 127.0.0.1:50624
1581804317760	mozrunner::runner	INFO	Running command: "/Applications/Firefox.app/Contents/MacOS/firefox-bin" "-marionette" "-foreground" "-no-remote" "-profile" "/var/folders/3f/b5qv6b097yn6p5mhm3bkvx8h0000gn/T/rust_mozprofile.5xwqFWTzv9or"
1581804318399	addons.webextension.doh-rollout@mozilla.org	WARN	Loading extension 'doh-rollout@mozilla.org': Reading manifest: Invalid extension permission: networkStatus
1581804318766	addons.webextension.screenshots@mozilla.org	WARN	Loading extension 'screenshots@mozilla.org': Reading manifest: Invalid extension permission: mozillaAddons
1581804318766	addons.webextension.screenshots@mozilla.org	WARN	Loading extension 'screenshots@mozilla.org': Reading manifest: Invalid extension permission: telemetry
1581804318767	addons.webextension.screenshots@mozilla.org	WARN	Loading extension 'screenshots@mozilla.org': Reading manifest: Invalid extension permission: resource://pdf.js/
1581804318767	addons.webextension.screenshots@mozilla.org	WARN	Loading extension 'screenshots@mozilla.org': Reading manifest: Invalid extension permission: about:reader*
1581804318881	Marionette	TRACE	Received observer notification profile-after-change
1581804318990	Marionette	TRACE	Received observer notification command-line-startup
1581804318991	Marionette	DEBUG	Init aborted (running=false, enabled=true, finalUIStartup=false)
1581804319166	Marionette	TRACE	Received observer notification toplevel-window-ready
1581804320804	Marionette	TRACE	Received observer notification marionette-startup-requested
1581804320804	Marionette	TRACE	Waiting until startup recorder finished recording startup scripts...
1581804320827	Marionette	TRACE	All scripts recorded.
1581804320827	Marionette	DEBUG	Setting recommended pref app.update.disabledForTesting to true
1581804320828	Marionette	DEBUG	Setting recommended pref apz.content_response_timeout to 60000
1581804320828	Marionette	DEBUG	Setting recommended pref browser.contentblocking.introCount to 99
1581804320828	Marionette	DEBUG	Setting recommended pref browser.download.panel.shown to true
1581804320829	Marionette	DEBUG	Setting recommended pref browser.newtabpage.enabled to false
1581804320830	Marionette	DEBUG	Setting recommended pref browser.pagethumbnails.capturing_disabled to true
1581804320830	Marionette	DEBUG	Setting recommended pref browser.search.update to false
1581804320831	Marionette	DEBUG	Setting recommended pref browser.tabs.disableBackgroundZombification to false
1581804320831	Marionette	DEBUG	Setting recommended pref browser.tabs.remote.separatePrivilegedContentProcess to false
1581804320831	Marionette	DEBUG	Setting recommended pref browser.tabs.unloadOnLowMemory to false
1581804320831	Marionette	DEBUG	Setting recommended pref browser.tabs.warnOnCloseOtherTabs to false
1581804320831	Marionette	DEBUG	Setting recommended pref browser.tabs.warnOnOpen to false
1581804320831	Marionette	DEBUG	Setting recommended pref browser.usedOnWindows10.introURL to 
1581804320832	Marionette	DEBUG	Setting recommended pref browser.urlbar.suggest.searches to false
1581804320832	Marionette	DEBUG	Setting recommended pref datareporting.policy.dataSubmissionPolicyAccepted to false
1581804320832	Marionette	DEBUG	Setting recommended pref dom.disable_beforeunload to true
1581804320832	Marionette	DEBUG	Setting recommended pref dom.disable_open_during_load to false
1581804320832	Marionette	DEBUG	Setting recommended pref dom.file.createInChild to true
1581804320832	Marionette	DEBUG	Setting recommended pref dom.max_chrome_script_run_time to 0
1581804320833	Marionette	DEBUG	Setting recommended pref dom.max_script_run_time to 0
1581804320833	Marionette	DEBUG	Setting recommended pref dom.push.connection.enabled to false
1581804320833	Marionette	DEBUG	Setting recommended pref extensions.getAddons.cache.enabled to false
1581804320833	Marionette	DEBUG	Setting recommended pref extensions.webservice.discoverURL to http://%(server)s/dummy/discoveryURL
1581804320833	Marionette	DEBUG	Setting recommended pref network.http.prompt-temp-redirect to false
1581804320833	Marionette	DEBUG	Setting recommended pref network.http.speculative-parallel-limit to 0
1581804320833	Marionette	DEBUG	Setting recommended pref privacy.trackingprotection.enabled to false
1581804320834	Marionette	DEBUG	Setting recommended pref security.certerrors.mitm.priming.enabled to false
1581804320834	Marionette	DEBUG	Setting recommended pref security.fileuri.strict_origin_policy to false
1581804320834	Marionette	DEBUG	Setting recommended pref security.notification_enable_delay to 0
1581804320834	Marionette	DEBUG	Setting recommended pref signon.autofillForms to false
1581804320835	Marionette	DEBUG	Setting recommended pref signon.rememberSignons to false
1581804320835	Marionette	DEBUG	Setting recommended pref toolkit.cosmeticAnimations.enabled to false
1581804320888	Marionette	INFO	Listening on port 50631
1581804320888	Marionette	DEBUG	Marionette is listening
1581804320949	Marionette	DEBUG	Accepted connection 0 from 127.0.0.1:50684
1581804320962	Marionette	DEBUG	0 -> [0,1,"WebDriver:NewSession",{"acceptInsecureCerts":true,"browserName":"firefox","capabilities":{"desiredCapabilities":{"acceptInsecureCerts":true,"browserName":"firefox"}}}]
1581804320963	Marionette	WARN	TLS certificate errors will be ignored for this session
1581804321001	Marionette	TRACE	[17] Frame script loaded
1581804321010	Marionette	TRACE	[17] Frame script registered
1581804321020	Marionette	DEBUG	0 <- [1,1,null,{"sessionId":"0b35166c-3445-d541-a01a-62e2cfc65b9d","capabilities":{"browserName":"firefox","browserVersion":"73.0" ... alse,"moz:webdriverClick":true,"capabilities":{"desiredCapabilities":{"acceptInsecureCerts":true,"browserName":"firefox"}}}}]
1581804321042	Marionette	DEBUG	0 -> [0,2,"WebDriver:Navigate",{"url":"https://www.nyse.com/listings_directory/stock"}]
1581804321066	Marionette	TRACE	[17] Received DOM event beforeunload for about:blank
1581804321236	Marionette	TRACE	[17] Received DOM event pagehide for about:blank
1581804322486	Marionette	TRACE	[17] Received DOM event DOMContentLoaded for https://www.nyse.com/listings_directory/stock
1581804322682	Marionette	TRACE	[17] Received DOM event pageshow for https://www.nyse.com/listings_directory/stock
1581804322684	Marionette	DEBUG	0 <- [1,2,null,{"value":null}]
1581804325692	Marionette	DEBUG	0 -> [0,3,"WebDriver:FindElements",{"using":"xpath","value":"//tr"}]
1581804325699	Marionette	DEBUG	0 <- [1,3,null,[{"element-6066-11e4-a52e-4f735466cecf":"219f6326-98b6-484e-853a-0776482ebf62"},{"element-6066-11e4-a52e-4f735466ce ... ecf":"dceb0f8b-d6dc-e54c-9642-cb4d2e684b7e"},{"element-6066-11e4-a52e-4f735466cecf":"62598e96-459e-9b4a-bf0e-254e34dbc735"}]]
1581804325702	Marionette	DEBUG	0 -> [0,4,"WebDriver:GetElementText",{"id":"70572975-d740-0b45-bd92-a87ada001cfb"}]
1581804325716	Marionette	DEBUG	0 <- [1,4,null,{"value":"A AGILENT TECHNOLOGIES INC"}]
1581804325718	Marionette	DEBUG	0 -> [0,5,"WebDriver:GetElementText",{"id":"a364fa40-7f9d-f945-a5f2-2a50cb34e72a"}]
1581804325727	Marionette	DEBUG	0 <- [1,5,null,{"value":"AA ALCOA CORPORATION"}]
1581804325729	Marionette	DEBUG	0 -> [0,6,"WebDriver:GetElementText",{"id":"b54a3d25-8fba-954d-bb84-436a27a5a50e"}]
1581804325736	Marionette	DEBUG	0 <- [1,6,null,{"value":"AACG ATA CREATIVITY GLOBAL SPON ADS EACH REP 2 ORD SHS"}]
1581804325738	Marionette	DEBUG	0 -> [0,7,"WebDriver:GetElementText",{"id":"d116fccb-6700-ac4c-8001-28fd04521e0f"}]
1581804325746	Marionette	DEBUG	0 <- [1,7,null,{"value":"AAL AMERICAN AIRLINES GROUP INC"}]
1581804325749	Marionette	DEBUG	0 -> [0,8,"WebDriver:GetElementText",{"id":"193a2e46-5813-0f4a-943b-fb1d381063e4"}]
1581804325755	Marionette	DEBUG	0 <- [1,8,null,{"value":"AAMC ALTISOURCE ASSET MANAGEMENT CORP"}]
1581804325757	Marionette	DEBUG	0 -> [0,9,"WebDriver:GetElementText",{"id":"510e0811-ad8a-554f-98fc-403ad27e142e"}]
1581804325764	Marionette	DEBUG	0 <- [1,9,null,{"value":"AAME ATLANTIC AMERICAN CORP"}]
1581804325766	Marionette	DEBUG	0 -> [0,10,"WebDriver:GetElementText",{"id":"51260144-c5d3-f44e-9f58-2ee1653f7811"}]
1581804325773	Marionette	DEBUG	0 <- [1,10,null,{"value":"AAN AARONS INC"}]
1581804325776	Marionette	DEBUG	0 -> [0,11,"WebDriver:GetElementText",{"id":"8430f9f1-98d4-c748-87ee-5465f0dbce82"}]
1581804325784	Marionette	DEBUG	0 <- [1,11,null,{"value":"AAOI APPLIED OPTOELECTRONICS INC"}]
1581804325786	Marionette	DEBUG	0 -> [0,12,"WebDriver:GetElementText",{"id":"dceb0f8b-d6dc-e54c-9642-cb4d2e684b7e"}]
1581804325792	Marionette	DEBUG	0 <- [1,12,null,{"value":"AAON AAON INC"}]
1581804325797	Marionette	DEBUG	0 -> [0,13,"WebDriver:GetElementText",{"id":"62598e96-459e-9b4a-bf0e-254e34dbc735"}]
1581804325805	Marionette	DEBUG	0 <- [1,13,null,{"value":"AAP ADVANCE AUTO PARTS INC"}]
1581804325808	Marionette	DEBUG	0 -> [0,14,"WebDriver:FindElement",{"using":"xpath","value":".//a[@rel='next']"}]
1581804325810	Marionette	DEBUG	0 <- [1,14,null,{"value":{"element-6066-11e4-a52e-4f735466cecf":"dbcaaa53-641d-5740-849e-6c8958483ffe"}}]
1581804325812	Marionette	DEBUG	0 -> [0,15,"WebDriver:ElementClick",{"id":"dbcaaa53-641d-5740-849e-6c8958483ffe"}]
1581804325969	Marionette	TRACE	Received observer notification xpcom-will-shutdown
1581804325969	Marionette	DEBUG	Resetting recommended pref app.update.disabledForTesting
1581804325969	Marionette	DEBUG	Resetting recommended pref apz.content_response_timeout
1581804325969	Marionette	DEBUG	Resetting recommended pref browser.contentblocking.introCount
1581804325969	Marionette	DEBUG	Resetting recommended pref browser.download.panel.shown
1581804325969	Marionette	DEBUG	Resetting recommended pref browser.newtabpage.enabled
1581804325970	Marionette	DEBUG	Resetting recommended pref browser.pagethumbnails.capturing_disabled
1581804325970	Marionette	DEBUG	Resetting recommended pref browser.search.update
1581804325970	Marionette	DEBUG	Resetting recommended pref browser.tabs.disableBackgroundZombification
1581804325970	Marionette	DEBUG	Resetting recommended pref browser.tabs.remote.separatePrivilegedContentProcess
1581804325970	Marionette	DEBUG	Resetting recommended pref browser.tabs.unloadOnLowMemory
1581804325970	Marionette	DEBUG	Resetting recommended pref browser.tabs.warnOnCloseOtherTabs
1581804325970	Marionette	DEBUG	Resetting recommended pref browser.tabs.warnOnOpen
1581804325970	Marionette	DEBUG	Resetting recommended pref browser.usedOnWindows10.introURL
1581804325970	Marionette	DEBUG	Resetting recommended pref browser.urlbar.suggest.searches
1581804325970	Marionette	DEBUG	Resetting recommended pref datareporting.policy.dataSubmissionPolicyAccepted
1581804325971	Marionette	DEBUG	Resetting recommended pref dom.disable_beforeunload
1581804325971	Marionette	DEBUG	Resetting recommended pref dom.disable_open_during_load
1581804325971	Marionette	DEBUG	Resetting recommended pref dom.file.createInChild
1581804325971	Marionette	DEBUG	Resetting recommended pref dom.max_chrome_script_run_time
1581804325971	Marionette	DEBUG	Resetting recommended pref dom.max_script_run_time
1581804325971	Marionette	DEBUG	Resetting recommended pref dom.push.connection.enabled
1581804325971	Marionette	DEBUG	Resetting recommended pref extensions.getAddons.cache.enabled
1581804325971	Marionette	DEBUG	Resetting recommended pref extensions.webservice.discoverURL
1581804325971	Marionette	DEBUG	Resetting recommended pref network.http.prompt-temp-redirect
1581804325971	Marionette	DEBUG	Resetting recommended pref network.http.speculative-parallel-limit
1581804325971	Marionette	DEBUG	Resetting recommended pref privacy.trackingprotection.enabled
1581804325971	Marionette	DEBUG	Resetting recommended pref security.certerrors.mitm.priming.enabled
1581804325971	Marionette	DEBUG	Resetting recommended pref security.fileuri.strict_origin_policy
1581804325971	Marionette	DEBUG	Resetting recommended pref security.notification_enable_delay
1581804325971	Marionette	DEBUG	Resetting recommended pref signon.autofillForms
1581804325971	Marionette	DEBUG	Resetting recommended pref signon.rememberSignons
1581804325972	Marionette	DEBUG	Resetting recommended pref toolkit.cosmeticAnimations.enabled
1581804325972	Marionette	INFO	Stopped listening on port 50529
1581804325972	Marionette	DEBUG	Marionette stopped listening
1581804326079	Marionette	DEBUG	[17] Canceled page load listener because no navigation has been detected
1581804326079	Marionette	DEBUG	0 <- [1,15,null,{"value":null}]
1581804326082	Marionette	DEBUG	0 -> [0,16,"WebDriver:CloseWindow",{}]
1581804326082	Marionette	DEBUG	0 <- [1,16,null,[]]
1581804326083	Marionette	DEBUG	0 -> [0,17,"Marionette:Quit",{"flags":["eForceQuit"]}]
1581804326084	Marionette	INFO	Stopped listening on port 50631
1581804326121	Marionette	TRACE	Received observer notification quit-application
1581804326125	Marionette	DEBUG	0 <- [1,17,null,{"cause":"shutdown"}]
1581804326178	Marionette	DEBUG	Closed connection 0
1581804329294	Marionette	TRACE	Received observer notification xpcom-will-shutdown
1581804329294	Marionette	DEBUG	Resetting recommended pref app.update.disabledForTesting
1581804329295	Marionette	DEBUG	Resetting recommended pref apz.content_response_timeout
1581804329295	Marionette	DEBUG	Resetting recommended pref browser.contentblocking.introCount
1581804329295	Marionette	DEBUG	Resetting recommended pref browser.download.panel.shown
1581804329295	Marionette	DEBUG	Resetting recommended pref browser.newtabpage.enabled
1581804329295	Marionette	DEBUG	Resetting recommended pref browser.pagethumbnails.capturing_disabled
1581804329295	Marionette	DEBUG	Resetting recommended pref browser.search.update
1581804329295	Marionette	DEBUG	Resetting recommended pref browser.tabs.disableBackgroundZombification
1581804329296	Marionette	DEBUG	Resetting recommended pref browser.tabs.remote.separatePrivilegedContentProcess
1581804329296	Marionette	DEBUG	Resetting recommended pref browser.tabs.unloadOnLowMemory
1581804329296	Marionette	DEBUG	Resetting recommended pref browser.tabs.warnOnCloseOtherTabs
1581804329296	Marionette	DEBUG	Resetting recommended pref browser.tabs.warnOnOpen
1581804329296	Marionette	DEBUG	Resetting recommended pref browser.usedOnWindows10.introURL
1581804329296	Marionette	DEBUG	Resetting recommended pref browser.urlbar.suggest.searches
1581804329296	Marionette	DEBUG	Resetting recommended pref datareporting.policy.dataSubmissionPolicyAccepted
1581804329296	Marionette	DEBUG	Resetting recommended pref dom.disable_beforeunload
1581804329296	Marionette	DEBUG	Resetting recommended pref dom.disable_open_during_load
1581804329296	Marionette	DEBUG	Resetting recommended pref dom.file.createInChild
1581804329297	Marionette	DEBUG	Resetting recommended pref dom.max_chrome_script_run_time
1581804329297	Marionette	DEBUG	Resetting recommended pref dom.max_script_run_time
1581804329297	Marionette	DEBUG	Resetting recommended pref dom.push.connection.enabled
1581804329297	Marionette	DEBUG	Resetting recommended pref extensions.getAddons.cache.enabled
1581804329297	Marionette	DEBUG	Resetting recommended pref extensions.webservice.discoverURL
1581804329297	Marionette	DEBUG	Resetting recommended pref network.http.prompt-temp-redirect
1581804329297	Marionette	DEBUG	Resetting recommended pref network.http.speculative-parallel-limit
1581804329297	Marionette	DEBUG	Resetting recommended pref privacy.trackingprotection.enabled
1581804329297	Marionette	DEBUG	Resetting recommended pref security.certerrors.mitm.priming.enabled
1581804329297	Marionette	DEBUG	Resetting recommended pref security.fileuri.strict_origin_policy
1581804329297	Marionette	DEBUG	Resetting recommended pref security.notification_enable_delay
1581804329297	Marionette	DEBUG	Resetting recommended pref signon.autofillForms
1581804329297	Marionette	DEBUG	Resetting recommended pref signon.rememberSignons
1581804329297	Marionette	DEBUG	Resetting recommended pref toolkit.cosmeticAnimations.enabled
1581804329298	Marionette	DEBUG	Marionette stopped listening
1581804337614	geckodriver	INFO	geckodriver 0.21.0
1581804337620	geckodriver	INFO	Listening on 127.0.0.1:50712
1581804338634	mozrunner::runner	INFO	Running command: "/Applications/Firefox.app/Contents/MacOS/firefox-bin" "-marionette" "-foreground" "-no-remote" "-profile" "/var/folders/3f/b5qv6b097yn6p5mhm3bkvx8h0000gn/T/rust_mozprofile.Z3vCXE40qSlu"
1581804339185	addons.webextension.doh-rollout@mozilla.org	WARN	Loading extension 'doh-rollout@mozilla.org': Reading manifest: Invalid extension permission: networkStatus
1581804339522	addons.webextension.screenshots@mozilla.org	WARN	Loading extension 'screenshots@mozilla.org': Reading manifest: Invalid extension permission: mozillaAddons
1581804339522	addons.webextension.screenshots@mozilla.org	WARN	Loading extension 'screenshots@mozilla.org': Reading manifest: Invalid extension permission: telemetry
1581804339522	addons.webextension.screenshots@mozilla.org	WARN	Loading extension 'screenshots@mozilla.org': Reading manifest: Invalid extension permission: resource://pdf.js/
1581804339522	addons.webextension.screenshots@mozilla.org	WARN	Loading extension 'screenshots@mozilla.org': Reading manifest: Invalid extension permission: about:reader*
1581804339627	Marionette	TRACE	Received observer notification profile-after-change
1581804339732	Marionette	TRACE	Received observer notification command-line-startup
1581804339732	Marionette	DEBUG	Init aborted (running=false, enabled=true, finalUIStartup=false)
1581804339904	Marionette	TRACE	Received observer notification toplevel-window-ready
1581804341359	Marionette	TRACE	Received observer notification marionette-startup-requested
1581804341359	Marionette	TRACE	Waiting until startup recorder finished recording startup scripts...
1581804341420	Marionette	TRACE	All scripts recorded.
1581804341420	Marionette	DEBUG	Setting recommended pref app.update.disabledForTesting to true
1581804341420	Marionette	DEBUG	Setting recommended pref apz.content_response_timeout to 60000
1581804341420	Marionette	DEBUG	Setting recommended pref browser.contentblocking.introCount to 99
1581804341421	Marionette	DEBUG	Setting recommended pref browser.download.panel.shown to true
1581804341421	Marionette	DEBUG	Setting recommended pref browser.newtabpage.enabled to false
1581804341422	Marionette	DEBUG	Setting recommended pref browser.pagethumbnails.capturing_disabled to true
1581804341422	Marionette	DEBUG	Setting recommended pref browser.search.update to false
1581804341423	Marionette	DEBUG	Setting recommended pref browser.tabs.disableBackgroundZombification to false
1581804341423	Marionette	DEBUG	Setting recommended pref browser.tabs.remote.separatePrivilegedContentProcess to false
1581804341423	Marionette	DEBUG	Setting recommended pref browser.tabs.unloadOnLowMemory to false
1581804341423	Marionette	DEBUG	Setting recommended pref browser.tabs.warnOnCloseOtherTabs to false
1581804341423	Marionette	DEBUG	Setting recommended pref browser.tabs.warnOnOpen to false
1581804341423	Marionette	DEBUG	Setting recommended pref browser.usedOnWindows10.introURL to 
1581804341423	Marionette	DEBUG	Setting recommended pref browser.urlbar.suggest.searches to false
1581804341424	Marionette	DEBUG	Setting recommended pref datareporting.policy.dataSubmissionPolicyAccepted to false
1581804341424	Marionette	DEBUG	Setting recommended pref dom.disable_beforeunload to true
1581804341424	Marionette	DEBUG	Setting recommended pref dom.disable_open_during_load to false
1581804341424	Marionette	DEBUG	Setting recommended pref dom.file.createInChild to true
1581804341424	Marionette	DEBUG	Setting recommended pref dom.max_chrome_script_run_time to 0
1581804341424	Marionette	DEBUG	Setting recommended pref dom.max_script_run_time to 0
1581804341425	Marionette	DEBUG	Setting recommended pref dom.push.connection.enabled to false
1581804341425	Marionette	DEBUG	Setting recommended pref extensions.getAddons.cache.enabled to false
1581804341425	Marionette	DEBUG	Setting recommended pref extensions.webservice.discoverURL to http://%(server)s/dummy/discoveryURL
1581804341425	Marionette	DEBUG	Setting recommended pref network.http.prompt-temp-redirect to false
1581804341425	Marionette	DEBUG	Setting recommended pref network.http.speculative-parallel-limit to 0
1581804341425	Marionette	DEBUG	Setting recommended pref privacy.trackingprotection.enabled to false
1581804341425	Marionette	DEBUG	Setting recommended pref security.certerrors.mitm.priming.enabled to false
1581804341425	Marionette	DEBUG	Setting recommended pref security.fileuri.strict_origin_policy to false
1581804341426	Marionette	DEBUG	Setting recommended pref security.notification_enable_delay to 0
1581804341426	Marionette	DEBUG	Setting recommended pref signon.autofillForms to false
1581804341426	Marionette	DEBUG	Setting recommended pref signon.rememberSignons to false
1581804341426	Marionette	DEBUG	Setting recommended pref toolkit.cosmeticAnimations.enabled to false
1581804341483	Marionette	INFO	Listening on port 50719
1581804341483	Marionette	DEBUG	Marionette is listening
1581804341511	Marionette	DEBUG	Accepted connection 0 from 127.0.0.1:50769
1581804341513	Marionette	DEBUG	0 -> [0,1,"WebDriver:NewSession",{"acceptInsecureCerts":true,"browserName":"firefox","capabilities":{"desiredCapabilities":{"acceptInsecureCerts":true,"browserName":"firefox"}}}]
1581804341513	Marionette	WARN	TLS certificate errors will be ignored for this session
1581804341546	Marionette	TRACE	[17] Frame script loaded
1581804341550	Marionette	TRACE	[17] Frame script registered
1581804341558	Marionette	DEBUG	0 <- [1,1,null,{"sessionId":"34df1559-8ce2-a448-8489-1fb76e348342","capabilities":{"browserName":"firefox","browserVersion":"73.0" ... alse,"moz:webdriverClick":true,"capabilities":{"desiredCapabilities":{"acceptInsecureCerts":true,"browserName":"firefox"}}}}]
1581804341574	Marionette	DEBUG	0 -> [0,2,"WebDriver:Navigate",{"url":"https://www.nyse.com/listings_directory/stock"}]
1581804341580	Marionette	TRACE	[17] Received DOM event beforeunload for about:blank
1581804342742	Marionette	TRACE	[17] Received DOM event pagehide for about:blank
1581804343945	Marionette	TRACE	[17] Received DOM event DOMContentLoaded for https://www.nyse.com/listings_directory/stock
1581804344124	Marionette	TRACE	[17] Received DOM event pageshow for https://www.nyse.com/listings_directory/stock
1581804344125	Marionette	DEBUG	0 <- [1,2,null,{"value":null}]
1581804349131	Marionette	DEBUG	0 -> [0,3,"WebDriver:FindElements",{"using":"xpath","value":"//tr"}]
1581804349139	Marionette	DEBUG	0 <- [1,3,null,[{"element-6066-11e4-a52e-4f735466cecf":"57bcdd10-f7f4-3d4f-9130-d54e7ac1e7bc"},{"element-6066-11e4-a52e-4f735466ce ... ecf":"ec6e3af5-fadb-b949-84df-91fdc1f3d0c3"},{"element-6066-11e4-a52e-4f735466cecf":"85f86c5a-daa0-054b-a719-6ab7a1909535"}]]
1581804349142	Marionette	DEBUG	0 -> [0,4,"WebDriver:GetElementText",{"id":"5b8962f9-0cdf-1545-8142-2eb0f46a1763"}]
1581804349158	Marionette	DEBUG	0 <- [1,4,null,{"value":"A AGILENT TECHNOLOGIES INC"}]
1581804349161	Marionette	DEBUG	0 -> [0,5,"WebDriver:GetElementText",{"id":"58530f50-afbf-7e47-b044-f11177f04f3b"}]
1581804349170	Marionette	DEBUG	0 <- [1,5,null,{"value":"AA ALCOA CORPORATION"}]
1581804349173	Marionette	DEBUG	0 -> [0,6,"WebDriver:GetElementText",{"id":"ab927735-fb6f-124d-b470-90795dfeb388"}]
1581804349181	Marionette	DEBUG	0 <- [1,6,null,{"value":"AACG ATA CREATIVITY GLOBAL SPON ADS EACH REP 2 ORD SHS"}]
1581804349184	Marionette	DEBUG	0 -> [0,7,"WebDriver:GetElementText",{"id":"e88d7e28-008b-ac4d-ae87-2f460b6b5ca1"}]
1581804349193	Marionette	DEBUG	0 <- [1,7,null,{"value":"AAL AMERICAN AIRLINES GROUP INC"}]
1581804349195	Marionette	DEBUG	0 -> [0,8,"WebDriver:GetElementText",{"id":"f7a26d14-0db1-cc41-8d3f-421d1a27466c"}]
1581804349202	Marionette	DEBUG	0 <- [1,8,null,{"value":"AAMC ALTISOURCE ASSET MANAGEMENT CORP"}]
1581804349205	Marionette	DEBUG	0 -> [0,9,"WebDriver:GetElementText",{"id":"e52e7254-a4b8-9c4f-b170-d1bc3687fb62"}]
1581804349212	Marionette	DEBUG	0 <- [1,9,null,{"value":"AAME ATLANTIC AMERICAN CORP"}]
1581804349215	Marionette	DEBUG	0 -> [0,10,"WebDriver:GetElementText",{"id":"b2f32252-4182-0b4d-9ea8-7026761f1a9d"}]
1581804349222	Marionette	DEBUG	0 <- [1,10,null,{"value":"AAN AARONS INC"}]
1581804349225	Marionette	DEBUG	0 -> [0,11,"WebDriver:GetElementText",{"id":"bff38ff2-303a-1d42-9819-5f070d0362ae"}]
1581804349232	Marionette	DEBUG	0 <- [1,11,null,{"value":"AAOI APPLIED OPTOELECTRONICS INC"}]
1581804349235	Marionette	DEBUG	0 -> [0,12,"WebDriver:GetElementText",{"id":"ec6e3af5-fadb-b949-84df-91fdc1f3d0c3"}]
1581804349242	Marionette	DEBUG	0 <- [1,12,null,{"value":"AAON AAON INC"}]
1581804349244	Marionette	DEBUG	0 -> [0,13,"WebDriver:GetElementText",{"id":"85f86c5a-daa0-054b-a719-6ab7a1909535"}]
1581804349252	Marionette	DEBUG	0 <- [1,13,null,{"value":"AAP ADVANCE AUTO PARTS INC"}]
1581804349254	Marionette	DEBUG	0 -> [0,14,"WebDriver:FindElement",{"using":"xpath","value":".//a[@rel='next']"}]
1581804349257	Marionette	DEBUG	0 <- [1,14,null,{"value":{"element-6066-11e4-a52e-4f735466cecf":"152526ba-ccfa-fb47-b3db-5f5381526307"}}]
1581804349259	Marionette	DEBUG	0 -> [0,15,"WebDriver:ElementClick",{"id":"152526ba-ccfa-fb47-b3db-5f5381526307"}]
1581804349522	Marionette	DEBUG	[17] Canceled page load listener because no navigation has been detected
1581804349523	Marionette	DEBUG	0 <- [1,15,null,{"value":null}]
1581804349527	Marionette	DEBUG	0 -> [0,16,"WebDriver:CloseWindow",{}]
1581804349527	Marionette	DEBUG	0 <- [1,16,null,[]]
1581804349528	Marionette	DEBUG	0 -> [0,17,"Marionette:Quit",{"flags":["eForceQuit"]}]
1581804349529	Marionette	INFO	Stopped listening on port 50719
1581804349569	Marionette	TRACE	Received observer notification quit-application
1581804349573	Marionette	DEBUG	0 <- [1,17,null,{"cause":"shutdown"}]
1581804349608	Marionette	DEBUG	Closed connection 0
1581804353732	Marionette	TRACE	Received observer notification xpcom-will-shutdown
1581804353732	Marionette	DEBUG	Resetting recommended pref app.update.disabledForTesting
1581804353732	Marionette	DEBUG	Resetting recommended pref apz.content_response_timeout
1581804353732	Marionette	DEBUG	Resetting recommended pref browser.contentblocking.introCount
1581804353733	Marionette	DEBUG	Resetting recommended pref browser.download.panel.shown
1581804353733	Marionette	DEBUG	Resetting recommended pref browser.newtabpage.enabled
1581804353733	Marionette	DEBUG	Resetting recommended pref browser.pagethumbnails.capturing_disabled
1581804353733	Marionette	DEBUG	Resetting recommended pref browser.search.update
1581804353733	Marionette	DEBUG	Resetting recommended pref browser.tabs.disableBackgroundZombification
1581804353733	Marionette	DEBUG	Resetting recommended pref browser.tabs.remote.separatePrivilegedContentProcess
1581804353733	Marionette	DEBUG	Resetting recommended pref browser.tabs.unloadOnLowMemory
1581804353733	Marionette	DEBUG	Resetting recommended pref browser.tabs.warnOnCloseOtherTabs
1581804353733	Marionette	DEBUG	Resetting recommended pref browser.tabs.warnOnOpen
1581804353733	Marionette	DEBUG	Resetting recommended pref browser.usedOnWindows10.introURL
1581804353734	Marionette	DEBUG	Resetting recommended pref browser.urlbar.suggest.searches
1581804353734	Marionette	DEBUG	Resetting recommended pref datareporting.policy.dataSubmissionPolicyAccepted
1581804353734	Marionette	DEBUG	Resetting recommended pref dom.disable_beforeunload
1581804353734	Marionette	DEBUG	Resetting recommended pref dom.disable_open_during_load
1581804353734	Marionette	DEBUG	Resetting recommended pref dom.file.createInChild
1581804353734	Marionette	DEBUG	Resetting recommended pref dom.max_chrome_script_run_time
1581804353734	Marionette	DEBUG	Resetting recommended pref dom.max_script_run_time
1581804353734	Marionette	DEBUG	Resetting recommended pref dom.push.connection.enabled
1581804353735	Marionette	DEBUG	Resetting recommended pref extensions.getAddons.cache.enabled
1581804353735	Marionette	DEBUG	Resetting recommended pref extensions.webservice.discoverURL
1581804353735	Marionette	DEBUG	Resetting recommended pref network.http.prompt-temp-redirect
1581804353735	Marionette	DEBUG	Resetting recommended pref network.http.speculative-parallel-limit
1581804353735	Marionette	DEBUG	Resetting recommended pref privacy.trackingprotection.enabled
1581804353735	Marionette	DEBUG	Resetting recommended pref security.certerrors.mitm.priming.enabled
1581804353735	Marionette	DEBUG	Resetting recommended pref security.fileuri.strict_origin_policy
1581804353735	Marionette	DEBUG	Resetting recommended pref security.notification_enable_delay
1581804353735	Marionette	DEBUG	Resetting recommended pref signon.autofillForms
1581804353736	Marionette	DEBUG	Resetting recommended pref signon.rememberSignons
1581804353736	Marionette	DEBUG	Resetting recommended pref toolkit.cosmeticAnimations.enabled
1581804353736	Marionette	DEBUG	Marionette stopped listening
